YawADB/build/outputs/mapping/release/mapping.txt
# compiler: R8
# compiler_version: 1.5.68
# min_api: 1
# pg_map_id: 5e1a13a
com.palmcrust.yawadb.AdbModeChanger -> a.a.a.a:
    android.content.Context context -> a
    int port -> e
    java.lang.String shellPath -> c
    boolean explicit -> b
    com.palmcrust.yawadb.AdbModeChanger$ThreadHandler handler -> d
    1:1:void processOptions(boolean):0:0 -> <init>
    1:1:void <init>(android.content.Context,boolean,boolean):0 -> <init>
    2:2:java.lang.String com.palmcrust.yawadb.YawAdbOptions$TextOption.getString():0:0 -> <init>
    2:2:void processOptions(boolean):0 -> <init>
    2:2:void <init>(android.content.Context,boolean,boolean):0 -> <init>
    3:3:void processOptions(boolean):0:0 -> <init>
    3:3:void <init>(android.content.Context,boolean,boolean):0 -> <init>
com.palmcrust.yawadb.AdbModeChanger$ThreadHandler -> a.a.a.a$a:
    android.content.Context context -> a
com.palmcrust.yawadb.ConfigActivity -> com.palmcrust.yawadb.ConfigActivity:
    com.palmcrust.yawadb.YawAdbOptions options -> b
    android.view.View$OnFocusChangeListener editTextFocusListener -> f
    boolean oldAutoUsb -> e
    int oldPort -> d
    boolean asWidget -> c
    android.view.View$OnClickListener resetClickListener -> h
    android.content.res.Resources rsrc -> a
    android.view.View$OnClickListener choiceClickListener -> g
    1:1:int com.palmcrust.yawadb.YawAdbOptions$Option.getBoxId():0:0 -> a
    1:1:void populateFields():0 -> a
    2:2:void populateFields():0:0 -> a
    3:3:int com.palmcrust.yawadb.YawAdbOptions$Option.getNamResId():0:0 -> a
    3:3:void populateFields():0 -> a
    4:4:void populateFields():0:0 -> a
    5:5:void setInputTypeNumberBase(android.widget.TextView):0:0 -> a
    5:5:void populateFields():0 -> a
    6:6:void populateFields():0:0 -> a
    7:7:java.lang.Object com.palmcrust.yawadb.YawAdbOptions$Option.getDefaultValue():0:0 -> a
    7:7:void populateFields():0 -> a
    8:8:void populateFields():0:0 -> a
    1:1:boolean applyChanges():0:0 -> onKeyDown
    1:1:boolean onKeyDown(int,android.view.KeyEvent):0 -> onKeyDown
    2:2:int com.palmcrust.yawadb.YawAdbOptions$Option.getErrorMessageId():0:0 -> onKeyDown
    2:2:boolean applyChanges():0 -> onKeyDown
    2:2:boolean onKeyDown(int,android.view.KeyEvent):0 -> onKeyDown
    3:3:boolean applyChanges():0:0 -> onKeyDown
    3:3:boolean onKeyDown(int,android.view.KeyEvent):0 -> onKeyDown
com.palmcrust.yawadb.ConfigActivity$1 -> com.palmcrust.yawadb.ConfigActivity$a:
    1:1:java.lang.Object com.palmcrust.yawadb.YawAdbOptions$Option.getDefaultValue():0:0 -> onFocusChange
    1:1:void onFocusChange(android.view.View,boolean):0 -> onFocusChange
    2:2:void onFocusChange(android.view.View,boolean):0:0 -> onFocusChange
com.palmcrust.yawadb.ConfigActivity$2 -> com.palmcrust.yawadb.ConfigActivity$b:
    com.palmcrust.yawadb.ConfigActivity this$0 -> a
    1:1:android.view.View$OnFocusChangeListener com.palmcrust.yawadb.ConfigActivity.access$000(com.palmcrust.yawadb.ConfigActivity):0:0 -> onClick
    1:1:void onClick(android.view.View):0 -> onClick
    2:2:void onClick(android.view.View):0:0 -> onClick
    3:3:void com.palmcrust.yawadb.YawAdbOptions$AlternativesOption.nextValue():0:0 -> onClick
    3:3:void onClick(android.view.View):0 -> onClick
    4:4:void onClick(android.view.View):0:0 -> onClick
    5:5:android.content.res.Resources com.palmcrust.yawadb.ConfigActivity.access$100(com.palmcrust.yawadb.ConfigActivity):0:0 -> onClick
    5:5:void onClick(android.view.View):0 -> onClick
    6:6:void onClick(android.view.View):0:0 -> onClick
com.palmcrust.yawadb.ConfigActivity$3 -> com.palmcrust.yawadb.ConfigActivity$c:
    com.palmcrust.yawadb.ConfigActivity this$0 -> a
    1:1:void com.palmcrust.yawadb.ConfigActivity.resetValues():0:0 -> onClick
    1:1:void com.palmcrust.yawadb.ConfigActivity.access$200(com.palmcrust.yawadb.ConfigActivity):0 -> onClick
    1:1:void onClick(android.view.View):0 -> onClick
com.palmcrust.yawadb.ConfigActivity$4 -> a.a.a.b:
    java.lang.CharSequence replacement -> c
    int to -> b
    int from -> a